<?xml version="1.0" encoding="UTF-8"?>
<!-- Generated by org.testng.reporters.JUnitReportReporter -->
<testsuite skipped="0" hostname="netstorm-TECRA-C50-C" name="com.qa.selenium.training.SingleToneTestClass" tests="1" failures="0" timestamp="18 Mar 2018 15:44:32 GMT" time="9.133" errors="0">
  <testcase name="testPage" time="9.133" classname="com.qa.selenium.training.SingleToneTestClass"/>
</testsuite> <!-- com.qa.selenium.training.SingleToneTestClass -->
